<?xml version="1.0" encoding="UTF-8"?>
<!-- Generated by org.testng.reporters.JUnitXMLReporter -->
<testsuite hostname="INWPF28BMDC-AAD" ignored="0" name="Default test" tests="4" failures="0" timestamp="2020-08-13T08:33:27 IST" time="4.618" errors="0">
  <testcase name="verifyFirstName" time="0.788" classname="testcases.TestCase01"/>
  <testcase name="verifyHeaderServer" time="0.002" classname="testcases.TestCase01"/>
  <testcase name="verifyPageValue" time="0.03" classname="testcases.TestCase01"/>
  <testcase name="verifyStatusCode" time="0.002" classname="testcases.TestCase01"/>
</testsuite> <!-- Default test -->
