<?xml version="1.0" encoding="UTF-8"?>
<!-- Generated by org.testng.reporters.JUnitXMLReporter -->
<testsuite hostname="INWPF28BMDC-AAD" ignored="0" name="Test" tests="3" failures="0" timestamp="2020-08-13T08:19:19 IST" time="4.688" errors="0">
  <testcase name="verifyHeaderServer" time="0.01" classname="testcases.TestCase01"/>
  <testcase name="verifyPageValue" time="0.754" classname="testcases.TestCase01"/>
  <testcase name="verifyStatusCode" time="0.002" classname="testcases.TestCase01"/>
</testsuite> <!-- Test -->
