<?xml version="1.0" encoding="UTF-8"?>
<!-- Generated by org.testng.reporters.JUnitXMLReporter -->
<testsuite hostname="INWPF28BMDC-AAD" ignored="0" name="Test" tests="4" failures="0" timestamp="13 Aug 2020 03:09:35 GMT" time="3.917" errors="0">
  <testcase name="verifyFirstName" time="0.971" classname="testcases.TestCase01"/>
  <testcase name="verifyHeaderServer" time="0.001" classname="testcases.TestCase01"/>
  <testcase name="verifyPageValue" time="0.024" classname="testcases.TestCase01"/>
  <testcase name="verifyStatusCode" time="0.001" classname="testcases.TestCase01"/>
</testsuite> <!-- Test -->
